|SourceProjectName:Contract Administration.hpr
|DestinationProjectName:Contract_Administration.htm
whhost.js
whmsg.js
whmozemu.js
whproxy.js
whstub.js
whutils.js
whver.js
whform.js
whphost.js
whstart.js
whtopic.js
whframes.js
whlang.js
whskin_info.htm
whskin_blank.htm
whskin_pickup.htm
whskin_homepage.htm
whskin_tw.htm
whnjs.htm
whthost.js
whtdhtml.htm
whihost.js
whibody.htm
whiform.htm
whfhost.js
whfbody.htm
whfform.htm
whghost.js
whgbody.htm
whgdhtml.htm
whgdef.htm
whproj.js
whproj.xml
whproj.htm
whxdata\whtoc.xml
whxdata\whidx.xml
whxdata\whglo.xml
whdata\whtoc.js
whdata\whtoc.htm
whdata\whtdata.js
whdata\whidx.js
whdata\whidx.htm
whdata\whidata.js
whdata\whglo.js
whdata\whglo.htm
whdata\whgdata.js
resource\resource.xml
whbrs.xml
whres.xml
whgdata\whnvp30.htm
whgdata\whnvp31.htm
whgdata\whnvp32.htm
whgdata\whnvp33.htm
whgdata\whnvt30.htm
whgdata\whnvt31.htm
whgdata\whnvt32.htm
whgdata\whnvt33.htm
whgdata\whnvf30.htm
whgdata\whnvf31.htm
whgdata\whnvf32.htm
whgdata\whnvf33.htm
whgdata\whnvl31.htm
whgdata\whnvl32.htm
whgdata\whnvl33.htm
whgdata\whexpbar.gif
cshdat_webhelp.htm
whcsh_home.htm
whcshdata.htm
cshdat_robohelp.htm
wht_tab0.gif
wht_tab1.gif
wht_tab2.gif
wht_tab3.gif
wht_tab4.gif
wht_tab5.gif
wht_tab6.gif
wht_tab7.gif
wht_tab8.gif
wht_glo_h.gif
wht_glo_n.gif
wht_fts_h.gif
wht_fts_n.gif
wht_idx_h.gif
wht_idx_n.gif
wht_toc_h.gif
wht_toc_n.gif
wht_ws.gif
wht_ws_g.gif
wht_logo1.gif
wht_logo2.gif
wht_abgw.jpg
wht_abgi.jpg
wht_abge.jpg
wht_abtw.jpg
wht_abte.jpg
wht_abti.jpg
wht_spac.gif
wht_next.gif
wht_next_g.gif
wht_prev.gif
wht_prev_g.gif
wht_sync.gif
wht_hide.gif
wht_go.gif
whstart.ico
whestart.ico
whrstart.ico
whidhtml.htm
whfdhtml.htm
whskin_banner.htm
whtbar.js
blueback.gif
content.gif
index.gif
search.gif
other_index.gif
go.gif
leftarrow.gif
r01.gif
rightarrow.gif
r02.gif
directional.gif
close.gif
urls.gif
book_closed.gif
bookopen.gif
page.gif
whskin_pdhtml.htm
whskin_plist.htm
whskin_tbars.htm
whskin_mbars.htm
whskin_frmset010.htm
whst_topics.xml
whskin_frmset01.htm
Contract_Administration_hha.hhk
Contract_Administration.hhc
Contract_Administration.hhk
Amending_Rights_Data_for_Resource(s)_Track(s).htm
Amending_Rights_Data_sets_for_Resources_Tracks.htm
Amending_the_Rights_Data_for_Releases.htm
Change_the_Linked_Contract.htm
Change_the_Linked_Contract_from_Linked_Resource.htm
Change_the_Linked_Contract_from_the_Release.htm
Copying_Contracts.htm
Creating_a_New_Contract.htm
Creating_Address_Books.htm
Creating_Child_Contracts.htm
Creating_Contracts_Using_Templates.htm
Creating_New_Contract_Templates.htm
Creation_of_Custom_Release_WQ_from_Custom_Parameters.htm
Creation_of_Custom_Release_WQ_from_Pre_deifined_Parameters.htm
Creation_of_Custom_Work_queue_from_Custom_Parameters.htm
Creation_of_Custom_Work_queue_from_Pre-_defined_Parameters.htm
Creation_of_Custom_WQ_from_Custom_Parameters.htm
Creation_of_Custom_WQ_from_Pre-defined_Parameters.htm
Deleting_Address_Books.htm
Deleting_Contracts.htm
Deleting_Contracts_Templates.htm
Deleting_Digital_Restrictions_Templates.htm
Editing_Address_Books.htm
Editing_and_Approving_Contracts_in_the_Work_Queue.htm
Editing_Contract_Templates.htm
Editing_Contracts.htm
Editing_Digital_Restrictions_Templates.htm
First_Topic.htm
Mass_Update_Release_Rights_Data_Sets_by_Bulk_edit.htm
Mass_update_Rights_data_by_Bulk_Edit.htm
Mass_update_Rights_Data_sets_by_Bulk_Edit.htm
Repertoire_Rights_Search.htm
reviewing_custom.htm
Reviewing_the_Rights_Data_sets_for_Releases.htm
Reviewing_the_Rights_Data_sets_for_Resources_Tracks.htm
Rights_&_Digital_Restriction_Resources_Basic_Search.htm
Rights_&_Digital_Restrictions_Resources_&_Tracks_Basic_Search.htm
Rights_&_Digital_Restrictions_Resources_&_Tracks_Search_Using_Release_Parameters.htm
Rights_&_Digital_Restrictions_Resources_Search_using_Release_Parameters.htm
Rights_&_Digital_Restrictions_Show_Releases.htm
Rights_&_Digital_Restrictions_Tracks_Basic_Search_.htm
Rights_&_Digital_Restrictions_Tracks_Search_Using_Release_Parameters.htm
Rights_&_Pre-Cleared_Basic_Search.htm
Rights_&_Pre-cleared_Search_Using_Release_Parameters.htm
Rights_&_Secondary_Exploitation_Basic_Search.htm
Rights_&_Secondary_Exploitation_Search_Using_Release_Parameters.htm
Rights_Release_Search.htm
Rights_Resources_&_Tracks_Basic_Search.htm
Rights_Resources_&_Tracks_Search_using_Release_Parameters.htm
Rights_Resources_Basic_Search.htm
Rights_Resources_Search_Using_Release_Parameters.htm
Rights_Track_Basic_Search.htm
Rights_Tracks_Basic_Search.htm
Rights_Tracks_Search_Using_Release_Parameters.htm
Searching_for_Contracts.htm
Unlink_the_Contract.htm
Unlink_the_contract_from_Linked_Resource.htm
Unlink_the_contract_from_the_Linked_Release.htm
Unlink_the_linked_contract_from_Resource.htm
Viewing_Contracts.htm
Viewing_Contracts_in_the_Work_Queue.htm
RoboHHRE.lng
Contract_Administration.glo
RefSS.css
RHStyleMapping.css
147.png
136.PNG
125.PNG
114.PNG
103.png
94.PNG
83.png
72.PNG
61.PNG
47.JPG
14.JPG
7.JPG
Secondary_Exploitation_button.gif
image3.gif
148.PNG
137.png
126.PNG
115.PNG
104.PNG
95.PNG
84.PNG
73.png
62.PNG
48.jpg
40.png
26.JPG
8.JPG
149.PNG
138.png
127.PNG
116.PNG
105.PNG
96.PNG
85.PNG
74.PNG
63.PNG
52.png
49.JPG
30.PNG
27.JPG
9.jpg
139.PNG
128.PNG
117.PNG
106.PNG
97.PNG
86.PNG
75.PNG
64.PNG
53.PNG
31.PNG
28.JPG
129.PNG
118.png
107.PNG
98.png
87.PNG
76.PNG
65.PNG
54.PNG
3.PNG
image7.gif
18.JPG
Export_to_Excel.gif
119.PNG
108.png
99.PNG
88.png
77.PNG
66.PNG
22.PNG
33.PNG
image8.gif
19.JPG
109.PNG
89.PNG
78.png
67.PNG
56.png
23.PNG
Apply_All.png
79.PNG
68.png
57.PNG
24.PNG
Help_Screen.gif
Create_New_Contract.gif
69.PNG
58.PNG
36.PNG
25.png
Help_Icon.gif
150.PNG
59.PNG
50.JPG
37.png
15.PNG
151.PNG
140.PNG
51.JPG
image11.gif
38.png
16.PNG
152.png
141.PNG
130.PNG
41.JPG
1.jpg
image12.gif
39.png
17.PNG
153.png
131.PNG
120.PNG
42.JPG
29.PNG
image13.gif
20.JPG
2.jpg
Rights_and_Restrictions_button.gif
143.PNG
132.PNG
121.PNG
110.PNG
90.PNG
43.JPG
image14.gif
32.JPG
21.JPG
10.JPG
144.PNG
133.PNG
122.PNG
111.PNG
100.PNG
91.PNG
80.PNG
44.jpg
image15.gif
11.JPG
4.jpg
145.PNG
134.PNG
123.PNG
112.PNG
101.PNG
92.PNG
81.PNG
70.PNG
45.JPG
image16.gif
34.JPG
12.JPG
5.jpg
Export_to_Word.gif
146.png
135.png
124.PNG
113.png
102.PNG
93.png
82.PNG
71.PNG
60.png
46.JPG
image17.gif
35.JPG
13.JPG
6.JPG
ehlpdhtm.js
Contract_Administration.ppf
whxdata\package_0.xml
whxdata\package_1.xml
whxdata\package_2.xml
whxdata\package_3.xml
whxdata\package_4.xml
whxdata\package_5.xml
whxdata\package_6.xml
whxdata\package_7.xml
whxdata\package_8.xml
whxdata\package_9.xml
whxdata\package_10.xml
whxdata\package_11.xml
whxdata\package_12.xml
whxdata\package_13.xml
whxdata\package_14.xml
whxdata\package_15.xml
whxdata\package_16.xml
whxdata\package_17.xml
whxdata\package_18.xml
whxdata\package_19.xml
whxdata\packageindex.xml
whxdata\synonym.xml
whxdata\topictable_0.xml
whxdata\topictable_1.xml
whxdata\topictableindex.xml
whxdata\whfts.xml
whxdata\whtdata0.xml
whxdata\whidata0.xml
whxdata\whgdata0.xml
whdata\whtdata0.htm
whdata\whidata0.htm
whdata\whgdata0.htm
whgdata\whlstt0.htm
whgdata\whlstt1.htm
whgdata\whlstt2.htm
whgdata\whlstt3.htm
whgdata\whlstt4.htm
whgdata\whlstt5.htm
whgdata\whlstt6.htm
whgdata\whlstt7.htm
whgdata\whlstt8.htm
whgdata\whlstt9.htm
whgdata\whlsti0.htm
whgdata\whlstfl0.htm
whgdata\whlstfl1.htm
whgdata\whlstfl2.htm
whgdata\whlstfl3.htm
whgdata\whlstfl4.htm
whgdata\whlstfl5.htm
whgdata\whlstfl6.htm
whgdata\whlstfl7.htm
whgdata\whlstfl8.htm
whgdata\whlstfl9.htm
whgdata\whlstfl10.htm
whgdata\whlstfl11.htm
whgdata\whlstfl12.htm
whgdata\whlstfl13.htm
whgdata\whlstfl14.htm
whgdata\whlstfl15.htm
whgdata\whlstfl16.htm
whgdata\whlstfl17.htm
whgdata\whlstfl18.htm
whgdata\whlstfl19.htm
whgdata\whlstfl20.htm
whgdata\whlstfl21.htm
whgdata\whlstfl22.htm
whgdata\whlstf0.htm
whgdata\whlstf1.htm
whgdata\whlstf2.htm
whgdata\whlstf3.htm
whgdata\whlstf4.htm
whgdata\whlstf5.htm
whgdata\whlstf6.htm
whgdata\whlstf7.htm
whgdata\whlstf8.htm
whgdata\whlstf9.htm
whgdata\whlstf10.htm
whgdata\whlstf11.htm
whgdata\whlstf12.htm
whgdata\whlstf13.htm
whgdata\whlstf14.htm
whgdata\whlstf15.htm
whgdata\whlstf16.htm
whgdata\whlstg0.htm
Contract_Administration.htm
Contract_Administration_csh.htm
Contract_Administration_rhc.htm
