|SourceProjectName:Clearance System.hpr
|DestinationProjectName:Clearance_System.htm
whhost.js
whmsg.js
whmozemu.js
whproxy.js
whstub.js
whutils.js
whver.js
whform.js
whphost.js
whstart.js
whtopic.js
whframes.js
whlang.js
whskin_info.htm
whskin_blank.htm
whskin_pickup.htm
whskin_homepage.htm
whskin_tw.htm
whnjs.htm
whthost.js
whtdhtml.htm
whihost.js
whibody.htm
whiform.htm
whfhost.js
whfbody.htm
whfform.htm
whghost.js
whgbody.htm
whgdhtml.htm
whgdef.htm
whproj.js
whproj.xml
whproj.htm
whxdata\whtoc.xml
whxdata\whidx.xml
whxdata\whglo.xml
whdata\whtoc.js
whdata\whtoc.htm
whdata\whtdata.js
whdata\whidx.js
whdata\whidx.htm
whdata\whidata.js
whdata\whglo.js
whdata\whglo.htm
whdata\whgdata.js
resource\resource.xml
whbrs.xml
whres.xml
cshdat_webhelp.htm
whcsh_home.htm
whcshdata.htm
cshdat_robohelp.htm
wht_tab0.gif
wht_tab1.gif
wht_tab2.gif
wht_tab3.gif
wht_tab4.gif
wht_tab5.gif
wht_tab6.gif
wht_tab7.gif
wht_tab8.gif
wht_glo_h.gif
wht_glo_n.gif
wht_fts_h.gif
wht_fts_n.gif
wht_idx_h.gif
wht_idx_n.gif
wht_toc_h.gif
wht_toc_n.gif
wht_ws.gif
wht_ws_g.gif
wht_logo1.gif
wht_logo2.gif
wht_abgw.jpg
wht_abgi.jpg
wht_abge.jpg
wht_abtw.jpg
wht_abte.jpg
wht_abti.jpg
wht_spac.gif
wht_next.gif
wht_next_g.gif
wht_prev.gif
wht_prev_g.gif
wht_sync.gif
wht_hide.gif
wht_go.gif
whstart.ico
whestart.ico
whrstart.ico
whidhtml.htm
whfdhtml.htm
whskin_banner.htm
whtbar.js
Default.skn
whskin_pdhtml.htm
whskin_plist.htm
whskin_tbars.htm
whskin_mbars.htm
wht_toc4.gif
wht_toc1.gif
wht_toc2.gif
wht_toc3.gif
whskin_frmset010.htm
whst_topics.xml
whskin_frmset01.htm
whskin_ep_ins.xml
whskin_ep_start.htm
Clearance_System_hha.hhk
Clearance_System.hhc
Clearance_System.hhk
Add_Release(s)_Resource(s).htm
Allocating_UPC_for_New_Release_(s).htm
Amending_Child_Workgroups.htm
Amending_Workgroups.htm
Audit_Trails_and_History.htm
Cancelling_the_Clearance_Project(s).htm
Cancelling_the_Resource_on_Clearance_Project_(s).htm
Clearance_Project_Inquiry.htm
Completing_Clearance_Projects.htm
Creating_Child_Workgroups.htm
Creating_Master_Projects.htm
Creating_Project_from_Existing_Projects.htm
Creating_Projects.htm
Creating_Regular_Non_Traditional_Projects.htm
Creating_Workgroup.htm
Deactivating_Workgroups.htm
Deleting_the_Projects.htm
Deleting_Workgroups.htm
Exclude_Resource_(s).htm
Free_Hand_Company_Management.htm
Free_Hand_Resource_Management.htm
Include_Resource_(s).htm
Maintaining_Projects_at_Project_Level.htm
Maintaining_Projects_at_Resource_Level.htm
Managing_Artist_Contracts.htm
Managing_Deviations.htm
Managing_Emails.htm
Managing_Pre-defined_Rejection_Reasons.htm
Managing_Resource_Contracts.htm
Managing_Routing_Variations.htm
Managing_Safe_Territories1.htm
Managing_Users.htm
Managing_Workgroup.htm
Mimic_User.htm
Modifying_Clearance_Projects.htm
Push_New_Release_(s)_to_R2.htm
RCC_Admin_Inbox.htm
Re-_Apply_Track_(s).htm
Re-instate_the_Resource(s).htm
Re-Instating_Clearance_Projects.htm
Re-Opening_the_Clearance_Projects.htm
Re-Submit_Resource_(s).htm
Re-Submitting_Clearance_Projects.htm
Reminder.htm
Requestor_Inbox.htm
Reviewer_Inbox.htm
Submitting_Clearance_Projects.htm
Un_Lock_Project_(s).htm
User_Group_Administration.htm
User_Preferences.htm
User_Transfer.htm
Welcome.htm
RoboHHRE.lng
Clearance_System.glo
default.css
RefSS.css
Help_Icon.gif
213.JPG
39.JPG
202.JPG
279.JPG
268.jpg
257.JPG
246.JPG
169.JPG
158.JPG
135.JPG
124.JPG
113.JPG
147.jpg
28.jpg
17.jpg
8.JPG
214.JPG
203.JPG
269.JPG
258.JPG
247.JPG
236.JPG
159.JPG
136.JPG
125.JPG
114.JPG
103.JPG
148.jpg
29.JPG
18.JPG
9.JPG
215.jpg
204.JPG
259.jpg
248.jpg
115.JPG
237.JPG
137.jpg
126.JPG
104.jpg
90.JPG
149.jpg
19.JPG
216.JPG
249.JPG
238.JPG
138.JPG
127.JPG
116.JPG
105.JPG
91.JPG
228.jpg
217.JPG
239.JPG
139.JPG
128.JPG
117.JPG
106.JPG
92.JPG
70.JPG
229.JPG
218.jpg
190.JPG
129.JPG
107.JPG
93.JPG
71.JPG
60.JPG
191.JPG
219.JPG
image2.gif
108.JPG
94.JPG
83.JPG
72.JPG
50.JPG
192.JPG
280.JPG
181.JPG
170.JPG
95.JPG
84.JPG
73.JPG
51.JPG
40.JPG
193.JPG
281.JPG
270.jpg
171.JPG
160.JPG
96.JPG
85.JPG
74.JPG
63.JPG
52.JPG
41.JPG
30.JPG
welcome.jpg
75.JPG
194.JPG
282.JPG
271.JPG
260.JPG
183.JPG
172.JPG
161.JPG
97.JPG
86.JPG
53.JPG
42.JPG
150.jpg
31.JPG
20.JPG
76.JPG
195.JPG
283.JPG
261.JPG
250.JPG
184.JPG
173.JPG
162.JPG
140.jpg
98.JPG
54.jpg
43.JPG
151.jpg
32.JPG
21.JPG
10.JPG
1.JPG
77.JPG
196.JPG
284.JPG
273.JPG
262.JPG
251.jpg
240.JPG
174.JPG
163.JPG
141.jpg
99.JPG
66.JPG
55.JPG
44.JPG
152.jpg
33.JPG
11.JPG
2.jpg
230.JPG
186.jpg
197.JPG
274.JPG
263.JPG
252.JPG
241.JPG
175.JPG
164.JPG
142.JPG
130.JPG
153.jpg
67.JPG
56.JPG
45.JPG
34.jpg
23.JPG
3.JPG
231.JPG
79.JPG
220.JPG
187.JPG
275.jpg
264.JPG
253.JPG
242.JPG
176.JPG
165.JPG
131.JPG
120.JPG
154.jpg
68.JPG
57.JPG
24.jpg
35.JPG
4.JPG
210.JPG
232.JPG
188.JPG
199.JPG
276.jpg
265.JPG
254.JPG
243.JPG
177.JPG
166.JPG
132.JPG
121.JPG
110.JPG
155.jpg
69.JPG
58.JPG
47.JPG
25.JPG
36.JPG
144.jpg
5.JPG
211.JPG
233.JPG
178.JPG
200.JPG
189.JPG
277.jpg
266.JPG
255.jpg
244.JPG
167.JPG
133.JPG
111.JPG
100.JPG
59.JPG
48.JPG
26.jpg
37.JPG
145.jpg
15.jpg
6.JPG
212.JPG
234.jpg
201.JPG
278.JPG
256.JPG
245.JPG
179.JPG
168.JPG
157.jpg
134.JPG
112.JPG
101.JPG
49.jpg
38.jpg
27.JPG
146.jpg
16.JPG
7.JPG
whxdata\package_0.xml
whxdata\packageindex.xml
whxdata\synonym.xml
whxdata\topictable_0.xml
whxdata\topictableindex.xml
whxdata\whfts.xml
whxdata\whtdata0.xml
whdata\whtdata0.htm
Clearance_System.htm
Clearance_System_csh.htm
Clearance_System_rhc.htm
